# JRE version: Java(TM) SE Runtime Environment (8.0_231-b11) (build 1.8.0_231-b11)
# Java VM: Java HotSpot(TM) 64-Bit Server VM (25.231-b11 mixed mode windows-amd64 compressed oops)
Heap:
 PSYoungGen      total 215040K, used 37259K [0x000000076ab00000, 0x000000077d100000, 0x00000007c0000000)
  eden space 201216K, 11% used [0x000000076ab00000,0x000000076c233838,0x0000000776f80000)
  from space 13824K, 97% used [0x0000000776f80000,0x0000000777caf508,0x0000000777d00000)
  to   space 15872K, 0% used [0x000000077c180000,0x000000077c180000,0x000000077d100000)
 ParOldGen       total 48128K, used 21544K [0x00000006c0000000, 0x00000006c2f00000, 0x000000076ab00000)
  object space 48128K, 44% used [0x00000006c0000000,0x00000006c150a298,0x00000006c2f00000)
 Metaspace       used 55278K, capacity 58524K, committed 58752K, reserved 1099776K
  class space    used 7907K, capacity 8494K, committed 8576K, reserved 1048576K
GC Heap History (10 events):
Event: 18.986 GC heap before
{Heap before GC invocations=11 (full 1):
 PSYoungGen      total 133120K, used 133091K [0x000000076ab00000, 0x0000000774f80000, 0x00000007c0000000)
  eden space 125440K, 100% used [0x000000076ab00000,0x0000000772580000,0x0000000772580000)
  from space 7680K, 99% used [0x0000000772580000,0x0000000772cf8d08,0x0000000772d00000)
  to   space 9728K, 0% used [0x0000000774600000,0x0000000774600000,0x0000000774f80000)
 ParOldGen       total 34816K, used 13455K [0x00000006c0000000, 0x00000006c2200000, 0x000000076ab00000)
  object space 34816K, 38% used [0x00000006c0000000,0x00000006c0d23d08,0x00000006c2200000)
 Metaspace       used 31806K, capacity 33686K, committed 33920K, reserved 1079296K
  class space    used 4322K, capacity 4686K, committed 4736K, reserved 1048576K
Event: 19.020 GC heap after
Heap after GC invocations=11 (full 1):
 PSYoungGen      total 157184K, used 9530K [0x000000076ab00000, 0x0000000776580000, 0x00000007c0000000)
  eden space 147456K, 0% used [0x000000076ab00000,0x000000076ab00000,0x0000000773b00000)
  from space 9728K, 97% used [0x0000000774600000,0x0000000774f4ebb0,0x0000000774f80000)
  to   space 11264K, 0% used [0x0000000773b00000,0x0000000773b00000,0x0000000774600000)
 ParOldGen       total 34816K, used 14505K [0x00000006c0000000, 0x00000006c2200000, 0x000000076ab00000)
  object space 34816K, 41% used [0x00000006c0000000,0x00000006c0e2a7a8,0x00000006c2200000)
 Metaspace       used 31806K, capacity 33686K, committed 33920K, reserved 1079296K
  class space    used 4322K, capacity 4686K, committed 4736K, reserved 1048576K
}
Event: 19.596 GC heap before
{Heap before GC invocations=12 (full 1):
 PSYoungGen      total 157184K, used 32098K [0x000000076ab00000, 0x0000000776580000, 0x00000007c0000000)
  eden space 147456K, 15% used [0x000000076ab00000,0x000000076c109e60,0x0000000773b00000)
  from space 9728K, 97% used [0x0000000774600000,0x0000000774f4ebb0,0x0000000774f80000)
  to   space 11264K, 0% used [0x0000000773b00000,0x0000000773b00000,0x0000000774600000)
 ParOldGen       total 34816K, used 14505K [0x00000006c0000000, 0x00000006c2200000, 0x000000076ab00000)
  object space 34816K, 41% used [0x00000006c0000000,0x00000006c0e2a7a8,0x00000006c2200000)
 Metaspace       used 33483K, capacity 35322K, committed 35456K, reserved 1079296K
  class space    used 4627K, capacity 4976K, committed 4992K, reserved 1048576K
Event: 19.647 GC heap after
Heap after GC invocations=12 (full 1):
 PSYoungGen      total 158720K, used 1773K [0x000000076ab00000, 0x0000000778880000, 0x00000007c0000000)
  eden space 147456K, 0% used [0x000000076ab00000,0x000000076ab00000,0x0000000773b00000)
  from space 11264K, 15% used [0x0000000773b00000,0x0000000773cbb478,0x0000000774600000)
  to   space 11264K, 0% used [0x0000000777d80000,0x0000000777d80000,0x0000000778880000)
 ParOldGen       total 34816K, used 20938K [0x00000006c0000000, 0x00000006c2200000, 0x000000076ab00000)
  object space 34816K, 60% used [0x00000006c0000000,0x00000006c1472bf8,0x00000006c2200000)
 Metaspace       used 33483K, capacity 35322K, committed 35456K, reserved 1079296K
  class space    used 4627K, capacity 4976K, committed 4992K, reserved 1048576K
}
Event: 19.647 GC heap before
{Heap before GC invocations=13 (full 2):
 PSYoungGen      total 158720K, used 1773K [0x000000076ab00000, 0x0000000778880000, 0x00000007c0000000)
  eden space 147456K, 0% used [0x000000076ab00000,0x000000076ab00000,0x0000000773b00000)
  from space 11264K, 15% used [0x0000000773b00000,0x0000000773cbb478,0x0000000774600000)
  to   space 11264K, 0% used [0x0000000777d80000,0x0000000777d80000,0x0000000778880000)
 ParOldGen       total 34816K, used 20938K [0x00000006c0000000, 0x00000006c2200000, 0x000000076ab00000)
  object space 34816K, 60% used [0x00000006c0000000,0x00000006c1472bf8,0x00000006c2200000)
 Metaspace       used 33483K, capacity 35322K, committed 35456K, reserved 1079296K
  class space    used 4627K, capacity 4976K, committed 4992K, reserved 1048576K
Event: 19.885 GC heap after
Heap after GC invocations=13 (full 2):
 PSYoungGen      total 158720K, used 0K [0x000000076ab00000, 0x0000000778880000, 0x00000007c0000000)
  eden space 147456K, 0% used [0x000000076ab00000,0x000000076ab00000,0x0000000773b00000)
  from space 11264K, 0% used [0x0000000773b00000,0x0000000773b00000,0x0000000774600000)
  to   space 11264K, 0% used [0x0000000777d80000,0x0000000777d80000,0x0000000778880000)
 ParOldGen       total 48128K, used 13851K [0x00000006c0000000, 0x00000006c2f00000, 0x000000076ab00000)
  object space 48128K, 28% used [0x00000006c0000000,0x00000006c0d86f20,0x00000006c2f00000)
 Metaspace       used 33483K, capacity 35322K, committed 35456K, reserved 1079296K
  class space    used 4627K, capacity 4976K, committed 4992K, reserved 1048576K
}
Event: 25.019 GC heap before
{Heap before GC invocations=14 (full 2):
 PSYoungGen      total 158720K, used 147456K [0x000000076ab00000, 0x0000000778880000, 0x00000007c0000000)
  eden space 147456K, 100% used [0x000000076ab00000,0x0000000773b00000,0x0000000773b00000)
  from space 11264K, 0% used [0x0000000773b00000,0x0000000773b00000,0x0000000774600000)
  to   space 11264K, 0% used [0x0000000777d80000,0x0000000777d80000,0x0000000778880000)
 ParOldGen       total 48128K, used 13851K [0x00000006c0000000, 0x00000006c2f00000, 0x000000076ab00000)
  object space 48128K, 28% used [0x00000006c0000000,0x00000006c0d86f20,0x00000006c2f00000)
 Metaspace       used 45320K, capacity 47512K, committed 47872K, reserved 1089536K
  class space    used 6442K, capacity 6859K, committed 6912K, reserved 1048576K
Event: 25.056 GC heap after
Heap after GC invocations=14 (full 2):
 PSYoungGen      total 212480K, used 11253K [0x000000076ab00000, 0x0000000778a80000, 0x00000007c0000000)
  eden space 201216K, 0% used [0x000000076ab00000,0x000000076ab00000,0x0000000776f80000)
  from space 11264K, 99% used [0x0000000777d80000,0x000000077887d6c8,0x0000000778880000)
  to   space 13824K, 0% used [0x0000000776f80000,0x0000000776f80000,0x0000000777d00000)
 ParOldGen       total 48128K, used 16894K [0x00000006c0000000, 0x00000006c2f00000, 0x000000076ab00000)
  object space 48128K, 35% used [0x00000006c0000000,0x00000006c107fab8,0x00000006c2f00000)
 Metaspace       used 45320K, capacity 47512K, committed 47872K, reserved 1089536K
  class space    used 6442K, capacity 6859K, committed 6912K, reserved 1048576K
}
Event: 31.972 GC heap before
{Heap before GC invocations=15 (full 2):
 PSYoungGen      total 212480K, used 212469K [0x000000076ab00000, 0x0000000778a80000, 0x00000007c0000000)
  eden space 201216K, 100% used [0x000000076ab00000,0x0000000776f80000,0x0000000776f80000)
  from space 11264K, 99% used [0x0000000777d80000,0x000000077887d6c8,0x0000000778880000)
  to   space 13824K, 0% used [0x0000000776f80000,0x0000000776f80000,0x0000000777d00000)
 ParOldGen       total 48128K, used 16894K [0x00000006c0000000, 0x00000006c2f00000, 0x000000076ab00000)
  object space 48128K, 35% used [0x00000006c0000000,0x00000006c107fab8,0x00000006c2f00000)
 Metaspace       used 53739K, capacity 56962K, committed 57216K, reserved 1097728K
  class space    used 7707K, capacity 8283K, committed 8320K, reserved 1048576K
Event: 32.075 GC heap after
Heap after GC invocations=15 (full 2):
 PSYoungGen      total 215040K, used 13501K [0x000000076ab00000, 0x000000077d100000, 0x00000007c0000000)
  eden space 201216K, 0% used [0x000000076ab00000,0x000000076ab00000,0x0000000776f80000)
  from space 13824K, 97% used [0x0000000776f80000,0x0000000777caf508,0x0000000777d00000)
  to   space 15872K, 0% used [0x000000077c180000,0x000000077c180000,0x000000077d100000)
 ParOldGen       total 48128K, used 21544K [0x00000006c0000000, 0x00000006c2f00000, 0x000000076ab00000)
  object space 48128K, 44% used [0x00000006c0000000,0x00000006c150a298,0x00000006c2f00000)
 Metaspace       used 53739K, capacity 56962K, committed 57216K, reserved 1097728K
  class space    used 7707K, capacity 8283K, committed 8320K, reserved 1048576K
}

