# JRE version: Java(TM) SE Runtime Environment (8.0_231-b11) (build 1.8.0_231-b11)
# Java VM: Java HotSpot(TM) 64-Bit Server VM (25.231-b11 mixed mode windows-amd64 compressed oops)
Heap:
 PSYoungGen      total 181760K, used 54272K [0x000000076ab00000, 0x000000077ae80000, 0x00000007c0000000)
  eden space 170496K, 31% used [0x000000076ab00000,0x000000076e000120,0x0000000775180000)
  from space 11264K, 0% used [0x0000000775180000,0x0000000775180000,0x0000000775c80000)
  to   space 11264K, 0% used [0x000000077a380000,0x000000077a390000,0x000000077ae80000)
 ParOldGen       total 33280K, used 13551K [0x00000006c0000000, 0x00000006c2080000, 0x000000076ab00000)
  object space 33280K, 40% used [0x00000006c0000000,0x00000006c0d3bd18,0x00000006c2080000)
 Metaspace       used 37949K, capacity 39926K, committed 40104K, reserved 1087488K
  class space    used 5293K, capacity 5684K, committed 5800K, reserved 1048576K
GC Heap History (10 events):
Event: 20.888 GC heap before
{Heap before GC invocations=9 (full 1):
 PSYoungGen      total 72192K, used 65024K [0x000000076ab00000, 0x0000000773900000, 0x00000007c0000000)
  eden space 65024K, 100% used [0x000000076ab00000,0x000000076ea80000,0x000000076ea80000)
  from space 7168K, 0% used [0x000000076ea80000,0x000000076ea80000,0x000000076f180000)
  to   space 7680K, 0% used [0x0000000773180000,0x0000000773180000,0x0000000773900000)
 ParOldGen       total 33280K, used 10273K [0x00000006c0000000, 0x00000006c2080000, 0x000000076ab00000)
  object space 33280K, 30% used [0x00000006c0000000,0x00000006c0a085f8,0x00000006c2080000)
 Metaspace       used 21767K, capacity 22608K, committed 22912K, reserved 1069056K
  class space    used 2923K, capacity 3144K, committed 3200K, reserved 1048576K
Event: 20.916 GC heap after
Heap after GC invocations=9 (full 1):
 PSYoungGen      total 120832K, used 2589K [0x000000076ab00000, 0x0000000773480000, 0x00000007c0000000)
  eden space 117760K, 0% used [0x000000076ab00000,0x000000076ab00000,0x0000000771e00000)
  from space 3072K, 84% used [0x0000000773180000,0x0000000773407470,0x0000000773480000)
  to   space 7680K, 0% used [0x0000000772580000,0x0000000772580000,0x0000000772d00000)
 ParOldGen       total 33280K, used 10281K [0x00000006c0000000, 0x00000006c2080000, 0x000000076ab00000)
  object space 33280K, 30% used [0x00000006c0000000,0x00000006c0a0a5f8,0x00000006c2080000)
 Metaspace       used 21767K, capacity 22608K, committed 22912K, reserved 1069056K
  class space    used 2923K, capacity 3144K, committed 3200K, reserved 1048576K
}
Event: 28.478 GC heap before
{Heap before GC invocations=10 (full 1):
 PSYoungGen      total 120832K, used 120349K [0x000000076ab00000, 0x0000000773480000, 0x00000007c0000000)
  eden space 117760K, 100% used [0x000000076ab00000,0x0000000771e00000,0x0000000771e00000)
  from space 3072K, 84% used [0x0000000773180000,0x0000000773407470,0x0000000773480000)
  to   space 7680K, 0% used [0x0000000772580000,0x0000000772580000,0x0000000772d00000)
 ParOldGen       total 33280K, used 10281K [0x00000006c0000000, 0x00000006c2080000, 0x000000076ab00000)
  object space 33280K, 30% used [0x00000006c0000000,0x00000006c0a0a5f8,0x00000006c2080000)
 Metaspace       used 27594K, capacity 29348K, committed 29696K, reserved 1075200K
  class space    used 3869K, capacity 4227K, committed 4352K, reserved 1048576K
Event: 28.523 GC heap after
Heap after GC invocations=10 (full 1):
 PSYoungGen      total 133120K, used 7663K [0x000000076ab00000, 0x0000000776680000, 0x00000007c0000000)
  eden space 125440K, 0% used [0x000000076ab00000,0x000000076ab00000,0x0000000772580000)
  from space 7680K, 99% used [0x0000000772580000,0x0000000772cfbd98,0x0000000772d00000)
  to   space 10240K, 0% used [0x0000000775c80000,0x0000000775c80000,0x0000000776680000)
 ParOldGen       total 33280K, used 13922K [0x00000006c0000000, 0x00000006c2080000, 0x000000076ab00000)
  object space 33280K, 41% used [0x00000006c0000000,0x00000006c0d988a8,0x00000006c2080000)
 Metaspace       used 27594K, capacity 29348K, committed 29696K, reserved 1075200K
  class space    used 3869K, capacity 4227K, committed 4352K, reserved 1048576K
}
Event: 31.810 GC heap before
{Heap before GC invocations=11 (full 1):
 PSYoungGen      total 133120K, used 133103K [0x000000076ab00000, 0x0000000776680000, 0x00000007c0000000)
  eden space 125440K, 100% used [0x000000076ab00000,0x0000000772580000,0x0000000772580000)
  from space 7680K, 99% used [0x0000000772580000,0x0000000772cfbd98,0x0000000772d00000)
  to   space 10240K, 0% used [0x0000000775c80000,0x0000000775c80000,0x0000000776680000)
 ParOldGen       total 33280K, used 13922K [0x00000006c0000000, 0x00000006c2080000, 0x000000076ab00000)
  object space 33280K, 41% used [0x00000006c0000000,0x00000006c0d988a8,0x00000006c2080000)
 Metaspace       used 32359K, capacity 34212K, committed 34304K, reserved 1079296K
  class space    used 4406K, capacity 4781K, committed 4864K, reserved 1048576K
Event: 31.855 GC heap after
Heap after GC invocations=11 (full 1):
 PSYoungGen      total 180736K, used 9843K [0x000000076ab00000, 0x0000000777100000, 0x00000007c0000000)
  eden space 170496K, 0% used [0x000000076ab00000,0x000000076ab00000,0x0000000775180000)
  from space 10240K, 96% used [0x0000000775c80000,0x000000077661cf10,0x0000000776680000)
  to   space 11264K, 0% used [0x0000000775180000,0x0000000775180000,0x0000000775c80000)
 ParOldGen       total 33280K, used 14797K [0x00000006c0000000, 0x00000006c2080000, 0x000000076ab00000)
  object space 33280K, 44% used [0x00000006c0000000,0x00000006c0e737e0,0x00000006c2080000)
 Metaspace       used 32359K, capacity 34212K, committed 34304K, reserved 1079296K
  class space    used 4406K, capacity 4781K, committed 4864K, reserved 1048576K
}
Event: 33.249 GC heap before
{Heap before GC invocations=12 (full 1):
 PSYoungGen      total 180736K, used 31933K [0x000000076ab00000, 0x0000000777100000, 0x00000007c0000000)
  eden space 170496K, 12% used [0x000000076ab00000,0x000000076c0926a8,0x0000000775180000)
  from space 10240K, 96% used [0x0000000775c80000,0x000000077661cf10,0x0000000776680000)
  to   space 11264K, 0% used [0x0000000775180000,0x0000000775180000,0x0000000775c80000)
 ParOldGen       total 33280K, used 14797K [0x00000006c0000000, 0x00000006c2080000, 0x000000076ab00000)
  object space 33280K, 44% used [0x00000006c0000000,0x00000006c0e737e0,0x00000006c2080000)
 Metaspace       used 33589K, capacity 35398K, committed 35496K, reserved 1079296K
  class space    used 4653K, capacity 5006K, committed 5032K, reserved 1048576K
Event: 33.284 GC heap after
Heap after GC invocations=12 (full 1):
 PSYoungGen      total 181760K, used 1560K [0x000000076ab00000, 0x000000077ae80000, 0x00000007c0000000)
  eden space 170496K, 0% used [0x000000076ab00000,0x000000076ab00000,0x0000000775180000)
  from space 11264K, 13% used [0x0000000775180000,0x00000007753063e8,0x0000000775c80000)
  to   space 11264K, 0% used [0x000000077a380000,0x000000077a380000,0x000000077ae80000)
 ParOldGen       total 33280K, used 21310K [0x00000006c0000000, 0x00000006c2080000, 0x000000076ab00000)
  object space 33280K, 64% used [0x00000006c0000000,0x00000006c14cfb50,0x00000006c2080000)
 Metaspace       used 33589K, capacity 35398K, committed 35496K, reserved 1079296K
  class space    used 4653K, capacity 5006K, committed 5032K, reserved 1048576K
}
Event: 33.284 GC heap before
{Heap before GC invocations=13 (full 2):
 PSYoungGen      total 181760K, used 1560K [0x000000076ab00000, 0x000000077ae80000, 0x00000007c0000000)
  eden space 170496K, 0% used [0x000000076ab00000,0x000000076ab00000,0x0000000775180000)
  from space 11264K, 13% used [0x0000000775180000,0x00000007753063e8,0x0000000775c80000)
  to   space 11264K, 0% used [0x000000077a380000,0x000000077a380000,0x000000077ae80000)
 ParOldGen       total 33280K, used 21310K [0x00000006c0000000, 0x00000006c2080000, 0x000000076ab00000)
  object space 33280K, 64% used [0x00000006c0000000,0x00000006c14cfb50,0x00000006c2080000)
 Metaspace       used 33589K, capacity 35398K, committed 35496K, reserved 1079296K
  class space    used 4653K, capacity 5006K, committed 5032K, reserved 1048576K
Event: 33.589 GC heap after
Heap after GC invocations=13 (full 2):
 PSYoungGen      total 181760K, used 0K [0x000000076ab00000, 0x000000077ae80000, 0x00000007c0000000)
  eden space 170496K, 0% used [0x000000076ab00000,0x000000076ab00000,0x0000000775180000)
  from space 11264K, 0% used [0x0000000775180000,0x0000000775180000,0x0000000775c80000)
  to   space 11264K, 0% used [0x000000077a380000,0x000000077a380000,0x000000077ae80000)
 ParOldGen       total 33280K, used 13551K [0x00000006c0000000, 0x00000006c2080000, 0x000000076ab00000)
  object space 33280K, 40% used [0x00000006c0000000,0x00000006c0d3bd18,0x00000006c2080000)
 Metaspace       used 33589K, capacity 35398K, committed 35496K, reserved 1079296K
  class space    used 4653K, capacity 5006K, committed 5032K, reserved 1048576K
}

